<?xml version='1.0' encoding='UTF-8'?>
<testsuite hostname="MSI" name="edu.neu.coe.csye7200.assthw.HelloWorldSpec" tests="2" errors="0" failures="0" skipped="0" time="0.224" timestamp="2021-01-29T14:24:58">
                     <properties>
      <property name="java.specification.version" value="14"/><property name="sun.cpu.isalist" value="amd64"/><property name="sun.jnu.encoding" value="GBK"/><property name="sun.arch.data.model" value="64"/><property name="java.vendor.url" value="https://java.oracle.com/"/><property name="sun.boot.library.path" value="E:\JDK\Java\jdk-14.0.1\bin"/><property name="sun.java.command" value="xsbt.boot.Boot test run"/><property name="jdk.debug" value="release"/><property name="sun.stderr.encoding" value="ms936"/><property name="java.specification.vendor" value="Oracle Corporation"/><property name="java.version.date" value="2020-04-14"/><property name="java.home" value="E:\JDK\Java\jdk-14.0.1"/><property name="file.separator" value="\"/><property name="java.vm.compressedOopsMode" value="32-bit"/><property name="line.separator" value="
"/><property name="sun.stdout.encoding" value="ms936"/><property name="java.vm.specification.vendor" value="Oracle Corporation"/><property name="java.specification.name" value="Java Platform API Specification"/><property name="user.script" value=""/><property name="sun.management.compiler" value="HotSpot 64-Bit Tiered Compilers"/><property name="java.runtime.version" value="14.0.1+7"/><property name="user.name" value="m"/><property name="log4j.ignoreTCL" value="true"/><property name="file.encoding" value="UTF-8"/><property name="jnidispatch.path" value="C:\Users\m\AppData\Local\Temp\jna-109\jna4967459689832940423.dll"/><property name="jna.loaded" value="true"/><property name="java.io.tmpdir" value="C:\Users\m\AppData\Local\Temp\"/><property name="java.version" value="14.0.1"/><property name="java.vm.specification.name" value="Java Virtual Machine Specification"/><property name="sun.os.patch.level" value=""/><property name="java.library.path" value="E:\JDK\Java\jdk-14.0.1\bin;C:\WINDOWS\Sun\Java\bin;C:\WINDOWS\system32;C:\WINDOWS;E:\JDK\Java\jdk-14.0.1\bin;C:\Program Files\Microsoft MPI\Bin\;C:\Windows\system32;C:\Windows;C:\Windows\System32\Wbem;C:\Windows\System32\WindowsPowerShell\v1.0\;C:\Windows\System32\OpenSSH\;C:\Program Files (x86)\NVIDIA Corporation\PhysX\Common;C:\Program Files\NVIDIA Corporation\NVIDIA NvDLISR;C:\Program Files\Intel\WiFi\bin\;C:\Program Files\Common Files\Intel\WirelessCommon\;C:\WINDOWS\system32;C:\WINDOWS;C:\WINDOWS\System32\Wbem;C:\WINDOWS\System32\WindowsPowerShell\v1.0\;C:\WINDOWS\System32\OpenSSH\;E:\nodejs\;E:\JDK\Java\jdk-14.0.1\bin;E:\Apache\apache-maven-3.6.3\bin;C:\Program Files\Microsoft SQL Server\Client SDK\ODBC\170\Tools\Binn\;C:\Program Files (x86)\Microsoft SQL Server\150\Tools\Binn\;C:\Program Files\Microsoft SQL Server\150\Tools\Binn\;C:\Program Files\Microsoft SQL Server\150\DTS\Binn\;C:\Program Files (x86)\Microsoft SQL Server\150\DTS\Binn\;E:\Scala\bin;E:\sbt\\bin;E:\scala\bin;E:\sbt\bin;C:\Users\m\AppData\Local\Programs\Python\Python39\Scripts\;C:\Users\m\AppData\Local\Programs\Python\Python39\;C:\Users\m\AppData\Local\Microsoft\WindowsApps;C:\Users\m\AppData\Roaming\npm;E:\pycharm\PyCharm Community Edition 2019.3.4\bin;E:\JDK\bin;E:\JDK\jre\bin;E:\Apache\apache-tomcat-7.0.103\lib;E:\Apache\apache-tomcat-7.0.103\bin;C:\Users\m\AppData\Local\GitHubDesktop\bin;E:\IDEA\IntelliJ IDEA 2020.3.1\bin;;."/><property name="java.vendor" value="Oracle Corporation"/><property name="scala.ext.dirs" value="C:\Users\m\.sbt\0.13\java9-rt-ext-oracle_corporation_14_0_1"/><property name="sun.io.unicode.encoding" value="UnicodeLittle"/><property name="java.class.path" value="E:\sbt\\bin\sbt-launch.jar"/><property name="java.vm.vendor" value="Oracle Corporation"/><property name="user.variant" value=""/><property name="jline.shutdownhook" value="false"/><property name="user.timezone" value="GMT+08:00"/><property name="java.vm.specification.version" value="14"/><property name="os.name" value="Windows 10"/><property name="sun.java.launcher" value="SUN_STANDARD"/><property name="user.country" value="CN"/><property name="sun.cpu.endian" value="little"/><property name="user.home" value="C:\Users\m"/><property name="user.language" value="zh"/><property name="swoval.tmpdir" value="C:\Users\m\.sbt\1.0"/><property name="jline.esc.timeout" value="0"/><property name="path.separator" value=";"/><property name="os.version" value="10.0"/><property name="jna.nosys" value="true"/><property name="java.runtime.name" value="Java(TM) SE Runtime Environment"/><property name="java.vm.name" value="Java HotSpot(TM) 64-Bit Server VM"/><property name="java.vendor.url.bug" value="https://bugreport.java.com/bugreport/"/><property name="user.dir" value="F:\Neu Class\CSYE7200-master\assignment-helloworld"/><property name="os.arch" value="amd64"/><property name="java.vm.info" value="mixed mode, sharing"/><property name="java.vm.version" value="14.0.1+7"/><property name="java.class.version" value="58.0"/>
    </properties>
                     <testcase classname="edu.neu.coe.csye7200.assthw.HelloWorldSpec" name="HelloWorld should get the correct greeting" time="0.023">
                                                 
                                               </testcase><testcase classname="edu.neu.coe.csye7200.assthw.HelloWorldSpec" name="Ingest should find the correct number of movies" time="0.201">
                                                 
                                               </testcase>
                     <system-out><![CDATA[]]></system-out>
                     <system-err><![CDATA[]]></system-err>
                   </testsuite>